START=2017-01-18 17:11:30.821943
Opening BAM file=/home/flati/SRR1413602.bam
[INFO] REFERENCE NAME=chr1 (2017-01-18 17:11:30.901457)	[00:00:00]
Total reads loaded: 100000 [2017-01-18 17:11:46.643725]
Total reads loaded: 200000 [2017-01-18 17:12:29.466008]
Total reads loaded: 300000 [2017-01-18 17:13:21.667973]
Total reads loaded: 400000 [2017-01-18 17:13:54.102351]
Total reads loaded: 500000 [2017-01-18 17:14:53.062697]
Total reads loaded: 600000 [2017-01-18 17:15:36.945980]
Total reads loaded: 700000 [2017-01-18 17:17:07.594090]
Total reads loaded: 800000 [2017-01-18 17:17:34.999098]
Total reads loaded: 900000 [2017-01-18 17:18:21.413287]
Total reads loaded: 1000000 [2017-01-18 17:18:59.859789]
Total reads loaded: 1100000 [2017-01-18 17:19:46.047503]
Total reads loaded: 1200000 [2017-01-18 17:20:23.138836]
Total reads loaded: 1300000 [2017-01-18 17:21:12.427264]
Total reads loaded: 1400000 [2017-01-18 17:21:55.376689]
Total reads loaded: 1500000 [2017-01-18 17:22:34.257522]
Total reads loaded: 1600000 [2017-01-18 17:23:23.027592]
Total reads loaded: 1700000 [2017-01-18 17:24:17.886815]
Total reads loaded: 1800000 [2017-01-18 17:25:07.675369]
Total reads loaded: 1900000 [2017-01-18 17:26:05.182686]
Total reads loaded: 2000000 [2017-01-18 17:27:49.430471]
Total reads loaded: 2100000 [2017-01-18 17:28:35.900910]
Total reads loaded: 2200000 [2017-01-18 17:29:50.474018]
Total reads loaded: 2300000 [2017-01-18 17:31:37.524850]
Total reads loaded: 2400000 [2017-01-18 17:32:31.677759]
Total reads loaded: 2500000 [2017-01-18 17:33:26.890452]
Total reads loaded: 2600000 [2017-01-18 17:34:28.407326]
Total reads loaded: 2700000 [2017-01-18 17:35:55.645812]
Total reads loaded: 2800000 [2017-01-18 17:36:38.895642]
Total reads loaded: 2900000 [2017-01-18 17:37:24.790407]
Total reads loaded: 3000000 [2017-01-18 17:38:09.942341]
Total reads loaded: 3100000 [2017-01-18 17:38:52.109816]
Total reads loaded: 3200000 [2017-01-18 17:39:03.695897]
Total reads loaded: 3300000 [2017-01-18 17:39:40.050556]
Total reads loaded: 3400000 [2017-01-18 17:39:56.883032]
Total reads loaded: 3500000 [2017-01-18 17:40:40.055387]
Total reads loaded: 3600000 [2017-01-18 17:41:10.898463]
Total reads loaded: 3700000 [2017-01-18 17:41:42.330245]
Total reads loaded: 3800000 [2017-01-18 17:42:09.126751]
Total reads loaded: 3900000 [2017-01-18 17:42:50.654326]
Total reads loaded: 4000000 [2017-01-18 17:43:15.195455]
Total reads loaded: 4100000 [2017-01-18 17:43:41.217916]
Total reads loaded: 4200000 [2017-01-18 17:44:07.774191]
Total reads loaded: 4300000 [2017-01-18 17:45:18.461677]
Total reads loaded: 4400000 [2017-01-18 17:46:31.560379]
Total reads loaded: 4500000 [2017-01-18 17:47:29.657951]
Total reads loaded: 4600000 [2017-01-18 17:48:26.139157]
Total reads loaded: 4700000 [2017-01-18 17:49:21.829332]
Total reads loaded: 4800000 [2017-01-18 17:50:18.650212]
Total reads loaded: 4900000 [2017-01-18 17:51:03.450383]
Total reads loaded: 5000000 [2017-01-18 17:51:26.267320]
Total reads loaded: 5100000 [2017-01-18 17:52:10.167553]
Total reads loaded: 5200000 [2017-01-18 17:52:37.854186]
Total reads loaded: 5300000 [2017-01-18 17:53:42.157352]
Total reads loaded: 5400000 [2017-01-18 17:54:39.158858]
Total reads loaded: 5500000 [2017-01-18 17:55:29.006242]
Total reads loaded: 5600000 [2017-01-18 17:56:19.283953]
Total reads loaded: 5700000 [2017-01-18 17:57:40.179994]
[INFO] REFERENCE NAME=chr2 (2017-01-18 17:57:48.181449)	[00:46:17]
Total reads loaded: 5800000 [2017-01-18 17:58:29.755836]
Total reads loaded: 5900000 [2017-01-18 17:59:37.834203]
Total reads loaded: 6000000 [2017-01-18 18:00:08.440539]
Total reads loaded: 6100000 [2017-01-18 18:01:26.768566]
Total reads loaded: 6200000 [2017-01-18 18:02:17.798346]
Total reads loaded: 6300000 [2017-01-18 18:03:42.891847]
Total reads loaded: 6400000 [2017-01-18 18:04:46.755796]
Total reads loaded: 6500000 [2017-01-18 18:05:53.016563]
Total reads loaded: 6600000 [2017-01-18 18:06:33.858361]
Total reads loaded: 6700000 [2017-01-18 18:07:27.015086]
Total reads loaded: 6800000 [2017-01-18 18:08:37.516664]
Total reads loaded: 6900000 [2017-01-18 18:10:29.263567]
Total reads loaded: 7000000 [2017-01-18 18:11:40.595593]
Total reads loaded: 7100000 [2017-01-18 18:12:31.687047]
Total reads loaded: 7200000 [2017-01-18 18:13:13.600343]
Total reads loaded: 7300000 [2017-01-18 18:13:47.318997]
Total reads loaded: 7400000 [2017-01-18 18:14:45.091803]
Total reads loaded: 7500000 [2017-01-18 18:15:33.292238]
Total reads loaded: 7600000 [2017-01-18 18:16:31.317861]
Total reads loaded: 7700000 [2017-01-18 18:17:42.909652]
Total reads loaded: 7800000 [2017-01-18 18:18:30.722845]
Total reads loaded: 7900000 [2017-01-18 18:20:09.178405]
Total reads loaded: 8000000 [2017-01-18 18:21:38.660949]
Total reads loaded: 8100000 [2017-01-18 18:23:04.578521]
Total reads loaded: 8200000 [2017-01-18 18:24:09.265261]
Total reads loaded: 8300000 [2017-01-18 18:25:27.625362]
Total reads loaded: 8400000 [2017-01-18 18:26:31.013564]
Total reads loaded: 8500000 [2017-01-18 18:27:25.820737]
Total reads loaded: 8600000 [2017-01-18 18:28:24.851788]
Total reads loaded: 8700000 [2017-01-18 18:29:22.943557]
Total reads loaded: 8800000 [2017-01-18 18:30:03.395301]
Total reads loaded: 8900000 [2017-01-18 18:30:45.779273]
Total reads loaded: 9000000 [2017-01-18 18:31:33.021486]
Total reads loaded: 9100000 [2017-01-18 18:32:39.395353]
Total reads loaded: 9200000 [2017-01-18 18:33:32.856414]
Total reads loaded: 9300000 [2017-01-18 18:34:33.323214]
[INFO] REFERENCE NAME=chr3 (2017-01-18 18:35:08.106412)	[00:37:19]
Total reads loaded: 9400000 [2017-01-18 18:35:28.202335]
Total reads loaded: 9500000 [2017-01-18 18:36:10.305028]
Total reads loaded: 9600000 [2017-01-18 18:36:58.241381]
Total reads loaded: 9700000 [2017-01-18 18:38:18.183369]
Total reads loaded: 9800000 [2017-01-18 18:39:11.579859]
Total reads loaded: 9900000 [2017-01-18 18:39:58.597862]
Total reads loaded: 10000000 [2017-01-18 18:41:45.220779]
Total reads loaded: 10100000 [2017-01-18 18:43:19.419821]
Total reads loaded: 10200000 [2017-01-18 18:44:15.528373]
Total reads loaded: 10300000 [2017-01-18 18:45:35.092184]
Total reads loaded: 10400000 [2017-01-18 18:46:53.437266]
Total reads loaded: 10500000 [2017-01-18 18:48:03.897000]
Total reads loaded: 10600000 [2017-01-18 18:48:23.663414]
Total reads loaded: 10700000 [2017-01-18 18:49:35.159157]
Total reads loaded: 10800000 [2017-01-18 18:50:02.704072]
Total reads loaded: 10900000 [2017-01-18 18:50:29.900211]
Total reads loaded: 11000000 [2017-01-18 18:51:56.811228]
Total reads loaded: 11100000 [2017-01-18 18:53:09.655179]
Total reads loaded: 11200000 [2017-01-18 18:55:02.643173]
Total reads loaded: 11300000 [2017-01-18 18:56:16.548844]
Total reads loaded: 11400000 [2017-01-18 18:57:22.456799]
Total reads loaded: 11500000 [2017-01-18 18:58:06.587411]
Total reads loaded: 11600000 [2017-01-18 18:59:42.027636]
Total reads loaded: 11700000 [2017-01-18 19:01:16.671826]
Total reads loaded: 11800000 [2017-01-18 19:02:12.725084]
Total reads loaded: 11900000 [2017-01-18 19:03:17.077499]
Total reads loaded: 12000000 [2017-01-18 19:04:34.641052]
Total reads loaded: 12100000 [2017-01-18 19:05:42.675087]
Total reads loaded: 12200000 [2017-01-18 19:06:59.682942]
Total reads loaded: 12300000 [2017-01-18 19:08:21.540738]
Total reads loaded: 12400000 [2017-01-18 19:08:57.480396]
Total reads loaded: 12500000 [2017-01-18 19:09:29.980090]
Total reads loaded: 12600000 [2017-01-18 19:09:43.133116]
Total reads loaded: 12700000 [2017-01-18 19:10:33.643590]
Total reads loaded: 12800000 [2017-01-18 19:11:55.397333]
[INFO] REFERENCE NAME=chr4 (2017-01-18 19:12:14.131874)	[00:37:06]
Total reads loaded: 12900000 [2017-01-18 19:12:43.450782]
Total reads loaded: 13000000 [2017-01-18 19:13:44.275480]
Total reads loaded: 13100000 [2017-01-18 19:14:40.010120]
Total reads loaded: 13200000 [2017-01-18 19:16:19.587823]
Total reads loaded: 13300000 [2017-01-18 19:17:27.383116]
Total reads loaded: 13400000 [2017-01-18 19:18:56.478610]
Total reads loaded: 13500000 [2017-01-18 19:21:20.687751]
Total reads loaded: 13600000 [2017-01-18 19:22:27.021385]
Total reads loaded: 13700000 [2017-01-18 19:23:34.777892]
Total reads loaded: 13800000 [2017-01-18 19:24:50.043891]
Total reads loaded: 13900000 [2017-01-18 19:25:41.055771]
Total reads loaded: 14000000 [2017-01-18 19:26:12.906545]
Total reads loaded: 14100000 [2017-01-18 19:27:27.610654]
Total reads loaded: 14200000 [2017-01-18 19:29:04.785130]
Total reads loaded: 14300000 [2017-01-18 19:30:01.559443]
Total reads loaded: 14400000 [2017-01-18 19:30:57.534864]
Total reads loaded: 14500000 [2017-01-18 19:32:41.189305]
Total reads loaded: 14600000 [2017-01-18 19:34:05.245564]
Total reads loaded: 14700000 [2017-01-18 19:34:53.677991]
[INFO] REFERENCE NAME=chr5 (2017-01-18 19:35:30.235899)	[00:23:16]
Total reads loaded: 14800000 [2017-01-18 19:35:59.534505]
Total reads loaded: 14900000 [2017-01-18 19:37:08.943052]
Total reads loaded: 15000000 [2017-01-18 19:38:27.948266]
Total reads loaded: 15100000 [2017-01-18 19:39:23.784925]
Total reads loaded: 15200000 [2017-01-18 19:41:09.528834]
Total reads loaded: 15300000 [2017-01-18 19:42:49.908066]
Total reads loaded: 15400000 [2017-01-18 19:44:24.484940]
Total reads loaded: 15500000 [2017-01-18 19:45:52.724671]
Total reads loaded: 15600000 [2017-01-18 19:47:10.028704]
Total reads loaded: 15700000 [2017-01-18 19:48:47.899365]
Total reads loaded: 15800000 [2017-01-18 19:50:32.839167]
Total reads loaded: 15900000 [2017-01-18 19:51:31.688329]
Total reads loaded: 16000000 [2017-01-18 19:52:03.215171]
Total reads loaded: 16100000 [2017-01-18 19:52:58.003911]
Total reads loaded: 16200000 [2017-01-18 19:54:14.177060]
Total reads loaded: 16300000 [2017-01-18 19:55:12.677392]
Total reads loaded: 16400000 [2017-01-18 19:56:00.463563]
Total reads loaded: 16500000 [2017-01-18 19:56:33.803551]
Total reads loaded: 16600000 [2017-01-18 19:57:35.221559]
Total reads loaded: 16700000 [2017-01-18 19:57:56.763443]
Total reads loaded: 16800000 [2017-01-18 19:58:07.026031]
Total reads loaded: 16900000 [2017-01-18 19:58:18.942055]
Total reads loaded: 17000000 [2017-01-18 19:59:18.568496]
Total reads loaded: 17100000 [2017-01-18 19:59:39.464539]
Total reads loaded: 17200000 [2017-01-18 20:01:04.886179]
Total reads loaded: 17300000 [2017-01-18 20:02:24.193507]
Total reads loaded: 17400000 [2017-01-18 20:02:37.732686]
Total reads loaded: 17500000 [2017-01-18 20:03:43.604825]
Total reads loaded: 17600000 [2017-01-18 20:04:26.087180]
Total reads loaded: 17700000 [2017-01-18 20:05:25.914440]
Total reads loaded: 17800000 [2017-01-18 20:05:43.165663]
[INFO] REFERENCE NAME=chr6 (2017-01-18 20:05:54.625746)	[00:30:24]
Total reads loaded: 17900000 [2017-01-18 20:06:45.893280]
Total reads loaded: 18000000 [2017-01-18 20:08:07.945865]
Total reads loaded: 18100000 [2017-01-18 20:09:30.251854]
Total reads loaded: 18200000 [2017-01-18 20:10:17.711031]
Total reads loaded: 18300000 [2017-01-18 20:11:02.689748]
Total reads loaded: 18400000 [2017-01-18 20:11:49.105464]
Total reads loaded: 18500000 [2017-01-18 20:12:51.673293]
Total reads loaded: 18600000 [2017-01-18 20:13:18.073046]
Total reads loaded: 18700000 [2017-01-18 20:14:27.090691]
Total reads loaded: 18800000 [2017-01-18 20:14:56.145630]
Total reads loaded: 18900000 [2017-01-18 20:15:51.849774]
Total reads loaded: 19000000 [2017-01-18 20:17:02.023137]
Total reads loaded: 19100000 [2017-01-18 20:17:13.955497]
Total reads loaded: 19200000 [2017-01-18 20:17:27.981971]
Total reads loaded: 19300000 [2017-01-18 20:17:56.564992]
Total reads loaded: 19400000 [2017-01-18 20:19:15.230795]
Total reads loaded: 19500000 [2017-01-18 20:20:25.681337]
Total reads loaded: 19600000 [2017-01-18 20:21:53.010236]
Total reads loaded: 19700000 [2017-01-18 20:22:57.219517]
Total reads loaded: 19800000 [2017-01-18 20:24:31.391625]
Total reads loaded: 19900000 [2017-01-18 20:25:20.070655]
Total reads loaded: 20000000 [2017-01-18 20:26:47.738172]
Total reads loaded: 20100000 [2017-01-18 20:27:46.945388]
Total reads loaded: 20200000 [2017-01-18 20:28:49.332639]
Total reads loaded: 20300000 [2017-01-18 20:29:16.210936]
Total reads loaded: 20400000 [2017-01-18 20:30:36.432836]
[INFO] REFERENCE NAME=chr7 (2017-01-18 20:30:45.634935)	[00:24:51]
Total reads loaded: 20500000 [2017-01-18 20:31:40.936117]
Total reads loaded: 20600000 [2017-01-18 20:32:10.362960]
Total reads loaded: 20700000 [2017-01-18 20:32:25.217160]
Total reads loaded: 20800000 [2017-01-18 20:33:54.296993]
Total reads loaded: 20900000 [2017-01-18 20:34:43.837273]
Total reads loaded: 21000000 [2017-01-18 20:36:00.433653]
Total reads loaded: 21100000 [2017-01-18 20:37:33.404375]
Total reads loaded: 21200000 [2017-01-18 20:38:32.536563]
Total reads loaded: 21300000 [2017-01-18 20:39:15.206896]
Total reads loaded: 21400000 [2017-01-18 20:40:07.047970]
Total reads loaded: 21500000 [2017-01-18 20:41:04.516154]
Total reads loaded: 21600000 [2017-01-18 20:41:51.676349]
Total reads loaded: 21700000 [2017-01-18 20:43:41.837362]
Total reads loaded: 21800000 [2017-01-18 20:44:07.119655]
Total reads loaded: 21900000 [2017-01-18 20:44:50.150000]
Total reads loaded: 22000000 [2017-01-18 20:45:44.989751]
Total reads loaded: 22100000 [2017-01-18 20:46:29.634692]
Total reads loaded: 22200000 [2017-01-18 20:47:11.559009]
Total reads loaded: 22300000 [2017-01-18 20:48:05.237482]
Total reads loaded: 22400000 [2017-01-18 20:49:06.600870]
Total reads loaded: 22500000 [2017-01-18 20:50:38.722309]
Total reads loaded: 22600000 [2017-01-18 20:51:49.298265]
Total reads loaded: 22700000 [2017-01-18 20:52:50.281150]
Total reads loaded: 22800000 [2017-01-18 20:53:41.587770]
Total reads loaded: 22900000 [2017-01-18 20:55:34.669951]
Total reads loaded: 23000000 [2017-01-18 20:56:34.183308]
Total reads loaded: 23100000 [2017-01-18 20:57:16.363240]
[INFO] REFERENCE NAME=chr8 (2017-01-18 20:58:15.133195)	[00:27:29]
Total reads loaded: 23200000 [2017-01-18 20:58:33.267155]
Total reads loaded: 23300000 [2017-01-18 20:59:36.767356]
Total reads loaded: 23400000 [2017-01-18 21:00:53.188395]
Total reads loaded: 23500000 [2017-01-18 21:01:24.895324]
Total reads loaded: 23600000 [2017-01-18 21:02:06.677620]
Total reads loaded: 23700000 [2017-01-18 21:02:56.206083]
Total reads loaded: 23800000 [2017-01-18 21:04:59.807344]
Total reads loaded: 23900000 [2017-01-18 21:05:39.000304]
Total reads loaded: 24000000 [2017-01-18 21:06:43.141324]
Total reads loaded: 24100000 [2017-01-18 21:07:33.674950]
Total reads loaded: 24200000 [2017-01-18 21:09:05.698108]
Total reads loaded: 24300000 [2017-01-18 21:10:11.188427]
Total reads loaded: 24400000 [2017-01-18 21:10:20.470902]
Total reads loaded: 24500000 [2017-01-18 21:10:59.718421]
Total reads loaded: 24600000 [2017-01-18 21:11:09.525932]
Total reads loaded: 24700000 [2017-01-18 21:12:19.603181]
Total reads loaded: 24800000 [2017-01-18 21:14:10.317259]
Total reads loaded: 24900000 [2017-01-18 21:14:58.062213]
Total reads loaded: 25000000 [2017-01-18 21:16:52.948962]
Total reads loaded: 25100000 [2017-01-18 21:17:55.450034]
Total reads loaded: 25200000 [2017-01-18 21:19:17.162132]
Total reads loaded: 25300000 [2017-01-18 21:21:20.415292]
Total reads loaded: 25400000 [2017-01-18 21:22:22.848265]
Total reads loaded: 25500000 [2017-01-18 21:23:46.880808]
Total reads loaded: 25600000 [2017-01-18 21:24:07.349450]
[INFO] REFERENCE NAME=chr9 (2017-01-18 21:24:16.307505)	[00:26:01]
Total reads loaded: 25700000 [2017-01-18 21:25:11.667403]
Total reads loaded: 25800000 [2017-01-18 21:26:14.514316]
Total reads loaded: 25900000 [2017-01-18 21:27:11.120098]
Total reads loaded: 26000000 [2017-01-18 21:28:05.187957]
Total reads loaded: 26100000 [2017-01-18 21:28:31.271919]
Total reads loaded: 26200000 [2017-01-18 21:29:25.483370]
Total reads loaded: 26300000 [2017-01-18 21:30:15.807331]
Total reads loaded: 26400000 [2017-01-18 21:30:58.866561]
Total reads loaded: 26500000 [2017-01-18 21:32:19.135280]
Total reads loaded: 26600000 [2017-01-18 21:33:16.471409]
Total reads loaded: 26700000 [2017-01-18 21:34:34.335122]
Total reads loaded: 26800000 [2017-01-18 21:35:27.375195]
Total reads loaded: 26900000 [2017-01-18 21:36:33.832098]
Total reads loaded: 27000000 [2017-01-18 21:37:28.636608]
Total reads loaded: 27100000 [2017-01-18 21:39:04.808188]
Total reads loaded: 27200000 [2017-01-18 21:40:50.056282]
Total reads loaded: 27300000 [2017-01-18 21:41:43.309820]
Total reads loaded: 27400000 [2017-01-18 21:43:31.284040]
Total reads loaded: 27500000 [2017-01-18 21:44:24.032352]
Total reads loaded: 27600000 [2017-01-18 21:45:07.886766]
Total reads loaded: 27700000 [2017-01-18 21:46:23.711743]
Total reads loaded: 27800000 [2017-01-18 21:47:04.033183]
Total reads loaded: 27900000 [2017-01-18 21:47:55.405838]
Total reads loaded: 28000000 [2017-01-18 21:48:32.302165]
[INFO] REFERENCE NAME=chr10 (2017-01-18 21:48:45.236602)	[00:24:28]
Total reads loaded: 28100000 [2017-01-18 21:49:21.440063]
Total reads loaded: 28200000 [2017-01-18 21:50:26.086642]
Total reads loaded: 28300000 [2017-01-18 21:50:44.714408]
Total reads loaded: 28400000 [2017-01-18 21:51:55.782369]
Total reads loaded: 28500000 [2017-01-18 21:54:18.328255]
Total reads loaded: 28600000 [2017-01-18 21:55:09.567504]
Total reads loaded: 28700000 [2017-01-18 21:55:44.832316]
Total reads loaded: 28800000 [2017-01-18 21:56:37.965403]
Total reads loaded: 28900000 [2017-01-18 21:58:04.197879]
Total reads loaded: 29000000 [2017-01-18 21:59:29.143282]
Total reads loaded: 29100000 [2017-01-18 22:01:32.554445]
Total reads loaded: 29200000 [2017-01-18 22:01:52.821530]
Total reads loaded: 29300000 [2017-01-18 22:03:20.089708]
Total reads loaded: 29400000 [2017-01-18 22:04:42.257255]
Total reads loaded: 29500000 [2017-01-18 22:05:23.560924]
Total reads loaded: 29600000 [2017-01-18 22:06:45.697044]
Total reads loaded: 29700000 [2017-01-18 22:08:49.062450]
Total reads loaded: 29800000 [2017-01-18 22:10:04.290249]
Total reads loaded: 29900000 [2017-01-18 22:11:00.232572]
Total reads loaded: 30000000 [2017-01-18 22:12:39.003011]
Total reads loaded: 30100000 [2017-01-18 22:14:21.845756]
Total reads loaded: 30200000 [2017-01-18 22:15:29.872390]
Total reads loaded: 30300000 [2017-01-18 22:15:54.474315]
Total reads loaded: 30400000 [2017-01-18 22:16:43.960471]
Total reads loaded: 30500000 [2017-01-18 22:17:48.578018]
Total reads loaded: 30600000 [2017-01-18 22:18:33.106306]
Total reads loaded: 30700000 [2017-01-18 22:20:06.343175]
Total reads loaded: 30800000 [2017-01-18 22:22:30.859967]
[INFO] REFERENCE NAME=chr11 (2017-01-18 22:23:04.143939)	[00:34:18]
Total reads loaded: 30900000 [2017-01-18 22:23:20.224250]
Total reads loaded: 31000000 [2017-01-18 22:24:05.480178]
Total reads loaded: 31100000 [2017-01-18 22:24:26.232048]
Total reads loaded: 31200000 [2017-01-18 22:25:02.961381]
Total reads loaded: 31300000 [2017-01-18 22:25:57.604501]
Total reads loaded: 31400000 [2017-01-18 22:26:43.575308]
Total reads loaded: 31500000 [2017-01-18 22:27:27.791513]
Total reads loaded: 31600000 [2017-01-18 22:28:16.919751]
Total reads loaded: 31700000 [2017-01-18 22:29:54.904625]
Total reads loaded: 31800000 [2017-01-18 22:31:25.855575]
Total reads loaded: 31900000 [2017-01-18 22:32:17.202437]
Total reads loaded: 32000000 [2017-01-18 22:33:15.205232]
Total reads loaded: 32100000 [2017-01-18 22:35:06.278321]
Total reads loaded: 32200000 [2017-01-18 22:36:13.306202]
Total reads loaded: 32300000 [2017-01-18 22:36:50.784656]
Total reads loaded: 32400000 [2017-01-18 22:37:44.890540]
Total reads loaded: 32500000 [2017-01-18 22:38:28.536980]
Total reads loaded: 32600000 [2017-01-18 22:38:40.356291]
Total reads loaded: 32700000 [2017-01-18 22:38:59.770885]
Total reads loaded: 32800000 [2017-01-18 22:40:27.735223]
Total reads loaded: 32900000 [2017-01-18 22:40:38.496674]
Total reads loaded: 33000000 [2017-01-18 22:41:08.620247]
Total reads loaded: 33100000 [2017-01-18 22:42:46.646516]
Total reads loaded: 33200000 [2017-01-18 22:43:41.918775]
Total reads loaded: 33300000 [2017-01-18 22:44:13.100281]
Total reads loaded: 33400000 [2017-01-18 22:44:27.070603]
Total reads loaded: 33500000 [2017-01-18 22:44:39.032782]
Total reads loaded: 33600000 [2017-01-18 22:45:01.180592]
Total reads loaded: 33700000 [2017-01-18 22:45:43.203847]
Total reads loaded: 33800000 [2017-01-18 22:46:31.478199]
Total reads loaded: 33900000 [2017-01-18 22:47:20.061938]
Total reads loaded: 34000000 [2017-01-18 22:48:48.430010]
Total reads loaded: 34100000 [2017-01-18 22:49:41.475527]
Total reads loaded: 34200000 [2017-01-18 22:51:26.734560]
Total reads loaded: 34300000 [2017-01-18 22:52:23.807097]
Total reads loaded: 34400000 [2017-01-18 22:53:59.965018]
Total reads loaded: 34500000 [2017-01-18 22:55:00.122917]
Total reads loaded: 34600000 [2017-01-18 22:56:20.161090]
Total reads loaded: 34700000 [2017-01-18 22:57:05.211902]
Total reads loaded: 34800000 [2017-01-18 22:57:33.358360]
Total reads loaded: 34900000 [2017-01-18 22:57:56.861498]
Total reads loaded: 35000000 [2017-01-18 22:58:55.122358]
[INFO] REFERENCE NAME=chr12 (2017-01-18 22:59:43.615520)	[00:36:39]
Total reads loaded: 35100000 [2017-01-18 23:00:17.974647]
Total reads loaded: 35200000 [2017-01-18 23:01:57.156451]
Total reads loaded: 35300000 [2017-01-18 23:02:58.823946]
Total reads loaded: 35400000 [2017-01-18 23:03:30.391186]
Total reads loaded: 35500000 [2017-01-18 23:03:56.714066]
Total reads loaded: 35600000 [2017-01-18 23:04:31.503833]
Total reads loaded: 35700000 [2017-01-18 23:05:29.235147]
Total reads loaded: 35800000 [2017-01-18 23:06:10.943122]
Total reads loaded: 35900000 [2017-01-18 23:06:40.566138]
Total reads loaded: 36000000 [2017-01-18 23:08:04.706487]
Total reads loaded: 36100000 [2017-01-18 23:09:40.918250]
Total reads loaded: 36200000 [2017-01-18 23:11:27.766992]
Total reads loaded: 36300000 [2017-01-18 23:12:38.136372]
Total reads loaded: 36400000 [2017-01-18 23:13:14.328041]
Total reads loaded: 36500000 [2017-01-18 23:13:47.349205]
Total reads loaded: 36600000 [2017-01-18 23:14:18.788076]
Total reads loaded: 36700000 [2017-01-18 23:14:42.934094]
Total reads loaded: 36800000 [2017-01-18 23:15:12.048653]
Total reads loaded: 36900000 [2017-01-18 23:16:07.779173]
Total reads loaded: 37000000 [2017-01-18 23:16:35.564733]
Total reads loaded: 37100000 [2017-01-18 23:17:16.985380]
Total reads loaded: 37200000 [2017-01-18 23:17:53.931385]
Total reads loaded: 37300000 [2017-01-18 23:18:23.798617]
Total reads loaded: 37400000 [2017-01-18 23:19:16.697085]
Total reads loaded: 37500000 [2017-01-18 23:19:47.578673]
Total reads loaded: 37600000 [2017-01-18 23:20:41.090255]
Total reads loaded: 37700000 [2017-01-18 23:21:45.255702]
Total reads loaded: 37800000 [2017-01-18 23:22:52.326730]
Total reads loaded: 37900000 [2017-01-18 23:24:24.358789]
Total reads loaded: 38000000 [2017-01-18 23:26:49.077054]
Total reads loaded: 38100000 [2017-01-18 23:28:22.049815]
Total reads loaded: 38200000 [2017-01-18 23:29:22.735208]
Total reads loaded: 38300000 [2017-01-18 23:30:18.507582]
Total reads loaded: 38400000 [2017-01-18 23:30:59.903060]
Total reads loaded: 38500000 [2017-01-18 23:32:25.669146]
Total reads loaded: 38600000 [2017-01-18 23:33:25.814405]
Total reads loaded: 38700000 [2017-01-18 23:34:05.175078]
Total reads loaded: 38800000 [2017-01-18 23:35:05.567522]
Total reads loaded: 38900000 [2017-01-18 23:36:02.778386]
[INFO] REFERENCE NAME=chr13 (2017-01-18 23:37:12.352996)	[00:37:28]
Total reads loaded: 39000000 [2017-01-18 23:37:14.600245]
Total reads loaded: 39100000 [2017-01-18 23:38:44.088579]
Total reads loaded: 39200000 [2017-01-18 23:39:51.910306]
Total reads loaded: 39300000 [2017-01-18 23:41:58.552784]
Total reads loaded: 39400000 [2017-01-18 23:43:06.480239]
Total reads loaded: 39500000 [2017-01-18 23:44:20.217685]
Total reads loaded: 39600000 [2017-01-18 23:45:49.857435]
Total reads loaded: 39700000 [2017-01-18 23:47:22.897104]
Total reads loaded: 39800000 [2017-01-18 23:49:26.777182]
Total reads loaded: 39900000 [2017-01-18 23:50:24.246038]
Total reads loaded: 40000000 [2017-01-18 23:51:47.065375]
Total reads loaded: 40100000 [2017-01-18 23:52:56.384607]
[INFO] REFERENCE NAME=chr14 (2017-01-18 23:53:16.117651)	[00:16:03]
Total reads loaded: 40200000 [2017-01-18 23:53:40.242752]
Total reads loaded: 40300000 [2017-01-18 23:54:29.096222]
Total reads loaded: 40400000 [2017-01-18 23:55:04.637774]
Total reads loaded: 40500000 [2017-01-18 23:56:40.870342]
Total reads loaded: 40600000 [2017-01-18 23:57:56.732057]
Total reads loaded: 40700000 [2017-01-18 23:59:14.626095]
Total reads loaded: 40800000 [2017-01-19 00:01:02.980239]
Total reads loaded: 40900000 [2017-01-19 00:02:31.576899]
Total reads loaded: 41000000 [2017-01-19 00:03:34.926870]
Total reads loaded: 41100000 [2017-01-19 00:04:58.050838]
Total reads loaded: 41200000 [2017-01-19 00:05:36.490198]
Total reads loaded: 41300000 [2017-01-19 00:05:52.900386]
Total reads loaded: 41400000 [2017-01-19 00:06:28.167332]
Total reads loaded: 41500000 [2017-01-19 00:07:59.939712]
Total reads loaded: 41600000 [2017-01-19 00:09:21.696295]
Total reads loaded: 41700000 [2017-01-19 00:10:18.082450]
Total reads loaded: 41800000 [2017-01-19 00:10:59.648036]
Total reads loaded: 41900000 [2017-01-19 00:11:33.862823]
[INFO] REFERENCE NAME=chr15 (2017-01-19 00:11:38.312286)	[00:18:22]
Total reads loaded: 42000000 [2017-01-19 00:12:27.845344]
Total reads loaded: 42100000 [2017-01-19 00:13:18.108468]
Total reads loaded: 42200000 [2017-01-19 00:14:00.238327]
Total reads loaded: 42300000 [2017-01-19 00:15:12.889536]
Total reads loaded: 42400000 [2017-01-19 00:15:40.586738]
Total reads loaded: 42500000 [2017-01-19 00:16:44.650797]
Total reads loaded: 42600000 [2017-01-19 00:18:00.716495]
Total reads loaded: 42700000 [2017-01-19 00:19:43.660131]
Total reads loaded: 42800000 [2017-01-19 00:20:40.385861]
Total reads loaded: 42900000 [2017-01-19 00:21:24.281464]
Total reads loaded: 43000000 [2017-01-19 00:22:27.584534]
Total reads loaded: 43100000 [2017-01-19 00:23:16.824029]
Total reads loaded: 43200000 [2017-01-19 00:24:28.625784]
Total reads loaded: 43300000 [2017-01-19 00:25:47.602557]
Total reads loaded: 43400000 [2017-01-19 00:26:10.958844]
Total reads loaded: 43500000 [2017-01-19 00:26:39.986925]
Total reads loaded: 43600000 [2017-01-19 00:27:26.022411]
[INFO] REFERENCE NAME=chr16 (2017-01-19 00:27:57.814807)	[00:16:19]
Total reads loaded: 43700000 [2017-01-19 00:28:11.552250]
Total reads loaded: 43800000 [2017-01-19 00:28:43.911999]
Total reads loaded: 43900000 [2017-01-19 00:29:08.718440]
Total reads loaded: 44000000 [2017-01-19 00:29:36.857414]
Total reads loaded: 44100000 [2017-01-19 00:30:23.802672]
Total reads loaded: 44200000 [2017-01-19 00:31:34.930378]
Total reads loaded: 44300000 [2017-01-19 00:32:39.981541]
Total reads loaded: 44400000 [2017-01-19 00:33:33.076819]
Total reads loaded: 44500000 [2017-01-19 00:33:58.192713]
Total reads loaded: 44600000 [2017-01-19 00:34:24.262829]
Total reads loaded: 44700000 [2017-01-19 00:35:53.417380]
Total reads loaded: 44800000 [2017-01-19 00:36:27.064957]
Total reads loaded: 44900000 [2017-01-19 00:37:17.934217]
Total reads loaded: 45000000 [2017-01-19 00:37:54.204897]
Total reads loaded: 45100000 [2017-01-19 00:38:37.705374]
Total reads loaded: 45200000 [2017-01-19 00:39:39.241212]
Total reads loaded: 45300000 [2017-01-19 00:41:29.001575]
Total reads loaded: 45400000 [2017-01-19 00:42:10.879979]
Total reads loaded: 45500000 [2017-01-19 00:42:45.173580]
[INFO] REFERENCE NAME=chr17 (2017-01-19 00:42:49.021239)	[00:14:51]
Total reads loaded: 45600000 [2017-01-19 00:43:39.066084]
Total reads loaded: 45700000 [2017-01-19 00:44:06.444895]
Total reads loaded: 45800000 [2017-01-19 00:44:49.348799]
Total reads loaded: 45900000 [2017-01-19 00:45:23.115188]
Total reads loaded: 46000000 [2017-01-19 00:45:52.590770]
Total reads loaded: 46100000 [2017-01-19 00:46:11.141392]
Total reads loaded: 46200000 [2017-01-19 00:46:27.417518]
Total reads loaded: 46300000 [2017-01-19 00:48:03.710796]
Total reads loaded: 46400000 [2017-01-19 00:48:46.858087]
Total reads loaded: 46500000 [2017-01-19 00:49:34.451527]
Total reads loaded: 46600000 [2017-01-19 00:50:09.539543]
Total reads loaded: 46700000 [2017-01-19 00:51:09.737362]
Total reads loaded: 46800000 [2017-01-19 00:52:12.024886]
Total reads loaded: 46900000 [2017-01-19 00:52:51.307543]
Total reads loaded: 47000000 [2017-01-19 00:53:26.502702]
Total reads loaded: 47100000 [2017-01-19 00:53:50.863735]
Total reads loaded: 47200000 [2017-01-19 00:54:20.515591]
Total reads loaded: 47300000 [2017-01-19 00:54:49.172351]
Total reads loaded: 47400000 [2017-01-19 00:55:12.937440]
Total reads loaded: 47500000 [2017-01-19 00:55:52.297585]
Total reads loaded: 47600000 [2017-01-19 00:56:28.230786]
Total reads loaded: 47700000 [2017-01-19 00:57:07.999614]
Total reads loaded: 47800000 [2017-01-19 00:58:02.478342]
Total reads loaded: 47900000 [2017-01-19 00:59:08.483033]
Total reads loaded: 48000000 [2017-01-19 00:59:25.078716]
Total reads loaded: 48100000 [2017-01-19 01:00:49.208487]
Total reads loaded: 48200000 [2017-01-19 01:01:42.482819]
Total reads loaded: 48300000 [2017-01-19 01:02:26.171370]
Total reads loaded: 48400000 [2017-01-19 01:03:07.436391]
Total reads loaded: 48500000 [2017-01-19 01:03:29.482362]
Total reads loaded: 48600000 [2017-01-19 01:03:48.239143]
Total reads loaded: 48700000 [2017-01-19 01:04:36.344243]
Total reads loaded: 48800000 [2017-01-19 01:04:54.233759]
Total reads loaded: 48900000 [2017-01-19 01:05:19.775196]
Total reads loaded: 49000000 [2017-01-19 01:05:44.549871]
[INFO] REFERENCE NAME=chr18 (2017-01-19 01:06:02.172847)	[00:23:13]
Total reads loaded: 49100000 [2017-01-19 01:06:46.013077]
Total reads loaded: 49200000 [2017-01-19 01:09:19.476213]
Total reads loaded: 49300000 [2017-01-19 01:10:32.533983]
Total reads loaded: 49400000 [2017-01-19 01:12:09.302668]
Total reads loaded: 49500000 [2017-01-19 01:13:41.839931]
Total reads loaded: 49600000 [2017-01-19 01:15:22.922535]
[INFO] REFERENCE NAME=chr19 (2017-01-19 01:16:14.972235)	[00:10:12]
Total reads loaded: 49700000 [2017-01-19 01:16:33.930952]
Total reads loaded: 49800000 [2017-01-19 01:16:55.891457]
Total reads loaded: 49900000 [2017-01-19 01:17:21.972970]
Total reads loaded: 50000000 [2017-01-19 01:17:56.925027]
Total reads loaded: 50100000 [2017-01-19 01:18:23.271718]
Total reads loaded: 50200000 [2017-01-19 01:18:46.299331]
Total reads loaded: 50300000 [2017-01-19 01:19:11.499700]
Total reads loaded: 50400000 [2017-01-19 01:19:21.155628]
Total reads loaded: 50500000 [2017-01-19 01:19:32.417174]
Total reads loaded: 50600000 [2017-01-19 01:19:43.033076]
Total reads loaded: 50700000 [2017-01-19 01:20:17.150710]
Total reads loaded: 50800000 [2017-01-19 01:20:35.895801]
Total reads loaded: 50900000 [2017-01-19 01:21:19.147768]
Total reads loaded: 51000000 [2017-01-19 01:21:54.920227]
Total reads loaded: 51100000 [2017-01-19 01:22:33.962788]
Total reads loaded: 51200000 [2017-01-19 01:23:16.480663]
Total reads loaded: 51300000 [2017-01-19 01:23:49.826422]
Total reads loaded: 51400000 [2017-01-19 01:24:10.052662]
Total reads loaded: 51500000 [2017-01-19 01:24:37.106129]
Total reads loaded: 51600000 [2017-01-19 01:25:15.208610]
Total reads loaded: 51700000 [2017-01-19 01:25:53.582366]
Total reads loaded: 51800000 [2017-01-19 01:26:22.824890]
Total reads loaded: 51900000 [2017-01-19 01:27:09.654042]
Total reads loaded: 52000000 [2017-01-19 01:28:06.891784]
Total reads loaded: 52100000 [2017-01-19 01:28:35.902232]
Total reads loaded: 52200000 [2017-01-19 01:29:32.203596]
Total reads loaded: 52300000 [2017-01-19 01:30:04.324348]
Total reads loaded: 52400000 [2017-01-19 01:30:14.310763]
Total reads loaded: 52500000 [2017-01-19 01:30:25.271012]
Total reads loaded: 52600000 [2017-01-19 01:31:04.956411]
Total reads loaded: 52700000 [2017-01-19 01:31:48.648304]
Total reads loaded: 52800000 [2017-01-19 01:32:12.656154]
Total reads loaded: 52900000 [2017-01-19 01:32:59.145529]
Total reads loaded: 53000000 [2017-01-19 01:33:10.718322]
Total reads loaded: 53100000 [2017-01-19 01:33:37.311983]
Total reads loaded: 53200000 [2017-01-19 01:34:25.591325]
Total reads loaded: 53300000 [2017-01-19 01:34:53.719729]
Total reads loaded: 53400000 [2017-01-19 01:35:05.975529]
Total reads loaded: 53500000 [2017-01-19 01:35:25.805850]
Total reads loaded: 53600000 [2017-01-19 01:35:59.015941]
Total reads loaded: 53700000 [2017-01-19 01:36:35.691997]
Total reads loaded: 53800000 [2017-01-19 01:37:19.554129]
Total reads loaded: 53900000 [2017-01-19 01:37:45.481967]
Total reads loaded: 54000000 [2017-01-19 01:38:18.103203]
[INFO] REFERENCE NAME=chr20 (2017-01-19 01:38:35.872182)	[00:22:20]
Total reads loaded: 54100000 [2017-01-19 01:39:02.947298]
Total reads loaded: 54200000 [2017-01-19 01:39:48.147258]
Total reads loaded: 54300000 [2017-01-19 01:41:01.938303]
Total reads loaded: 54400000 [2017-01-19 01:42:05.640455]
Total reads loaded: 54500000 [2017-01-19 01:43:16.557299]
Total reads loaded: 54600000 [2017-01-19 01:44:28.973209]
Total reads loaded: 54700000 [2017-01-19 01:45:08.408823]
Total reads loaded: 54800000 [2017-01-19 01:46:11.981260]
Total reads loaded: 54900000 [2017-01-19 01:46:52.503282]
Total reads loaded: 55000000 [2017-01-19 01:47:41.651671]
Total reads loaded: 55100000 [2017-01-19 01:48:40.728689]
Total reads loaded: 55200000 [2017-01-19 01:49:22.633579]
Total reads loaded: 55300000 [2017-01-19 01:49:55.332063]
[INFO] REFERENCE NAME=chr21 (2017-01-19 01:50:14.216791)	[00:11:38]
Total reads loaded: 55400000 [2017-01-19 01:50:52.482317]
Total reads loaded: 55500000 [2017-01-19 01:52:46.202580]
Total reads loaded: 55600000 [2017-01-19 01:53:43.538937]
Total reads loaded: 55700000 [2017-01-19 01:54:40.530241]
Total reads loaded: 55800000 [2017-01-19 01:55:17.716854]
Total reads loaded: 55900000 [2017-01-19 01:56:04.007742]
Total reads loaded: 56000000 [2017-01-19 01:56:34.913423]
[INFO] REFERENCE NAME=chr22 (2017-01-19 01:56:52.750227)	[00:06:38]
Total reads loaded: 56100000 [2017-01-19 01:57:21.977536]
Total reads loaded: 56200000 [2017-01-19 01:58:14.040161]
Total reads loaded: 56300000 [2017-01-19 01:59:23.088538]
Total reads loaded: 56400000 [2017-01-19 02:00:13.711641]
Total reads loaded: 56500000 [2017-01-19 02:01:26.241568]
Total reads loaded: 56600000 [2017-01-19 02:01:34.903739]
Total reads loaded: 56700000 [2017-01-19 02:02:11.246921]
Total reads loaded: 56800000 [2017-01-19 02:02:55.005911]
Total reads loaded: 56900000 [2017-01-19 02:03:47.977135]
Total reads loaded: 57000000 [2017-01-19 02:04:10.297357]
Total reads loaded: 57100000 [2017-01-19 02:04:39.928992]
Total reads loaded: 57200000 [2017-01-19 02:05:24.659885]
Total reads loaded: 57300000 [2017-01-19 02:06:22.655571]
Total reads loaded: 57400000 [2017-01-19 02:08:10.865007]
Total reads loaded: 57500000 [2017-01-19 02:08:35.081258]
[INFO] REFERENCE NAME=chrX (2017-01-19 02:08:37.048722)	[00:11:44]
Total reads loaded: 57600000 [2017-01-19 02:09:37.766037]
Total reads loaded: 57700000 [2017-01-19 02:10:19.668126]
Total reads loaded: 57800000 [2017-01-19 02:11:27.897867]
Total reads loaded: 57900000 [2017-01-19 02:12:51.215953]
Total reads loaded: 58000000 [2017-01-19 02:13:53.877589]
Total reads loaded: 58100000 [2017-01-19 02:14:21.071520]
Total reads loaded: 58200000 [2017-01-19 02:14:59.010119]
Total reads loaded: 58300000 [2017-01-19 02:15:56.549743]
Total reads loaded: 58400000 [2017-01-19 02:16:26.778945]
Total reads loaded: 58500000 [2017-01-19 02:17:18.150300]
Total reads loaded: 58600000 [2017-01-19 02:18:11.851194]
Total reads loaded: 58700000 [2017-01-19 02:19:15.440699]
Total reads loaded: 58800000 [2017-01-19 02:20:13.406600]
Total reads loaded: 58900000 [2017-01-19 02:22:42.485145]
Total reads loaded: 59000000 [2017-01-19 02:23:01.798071]
Total reads loaded: 59100000 [2017-01-19 02:23:12.770392]
Total reads loaded: 59200000 [2017-01-19 02:23:57.484348]
Total reads loaded: 59300000 [2017-01-19 02:24:36.447536]
Total reads loaded: 59400000 [2017-01-19 02:24:58.125491]
[INFO] REFERENCE NAME=chrY (2017-01-19 02:25:27.782992)	[00:16:50]
[INFO] REFERENCE NAME=chrM (2017-01-19 02:25:28.072831)	[00:00:00]
Total reads loaded: 59500000 [2017-01-19 02:25:30.397597]
Total reads loaded: 59600000 [2017-01-19 02:25:39.890504]
Total reads loaded: 59700000 [2017-01-19 02:25:50.028417]
Total reads loaded: 59800000 [2017-01-19 02:26:00.747175]
Total reads loaded: 59900000 [2017-01-19 02:26:09.286771]
Total reads loaded: 60000000 [2017-01-19 02:26:21.357155]
Total reads loaded: 60100000 [2017-01-19 02:26:32.417419]
Total reads loaded: 60200000 [2017-01-19 02:26:44.500634]
Total reads loaded: 60300000 [2017-01-19 02:26:56.748596]
Total reads loaded: 60400000 [2017-01-19 02:27:05.986250]
Total reads loaded: 60500000 [2017-01-19 02:27:14.952466]
Total reads loaded: 60600000 [2017-01-19 02:27:26.251362]
Total reads loaded: 60700000 [2017-01-19 02:27:36.956954]
Total reads loaded: 60800000 [2017-01-19 02:27:47.038346]
Total reads loaded: 60900000 [2017-01-19 02:27:59.989249]
Total reads loaded: 61000000 [2017-01-19 02:28:08.953317]
Total reads loaded: 61100000 [2017-01-19 02:28:18.464319]
Total reads loaded: 61200000 [2017-01-19 02:28:29.405024]
Total reads loaded: 61300000 [2017-01-19 02:28:40.407506]
Total reads loaded: 61400000 [2017-01-19 02:28:51.323187]
Total reads loaded: 61500000 [2017-01-19 02:29:01.314318]
Total reads loaded: 61600000 [2017-01-19 02:29:12.065903]
Total reads loaded: 61700000 [2017-01-19 02:29:20.849735]
Total reads loaded: 61800000 [2017-01-19 02:29:30.884605]
Total reads loaded: 61900000 [2017-01-19 02:29:41.593508]
Total reads loaded: 62000000 [2017-01-19 02:29:51.473597]
Total reads loaded: 62100000 [2017-01-19 02:30:02.013672]
Total reads loaded: 62200000 [2017-01-19 02:30:10.828191]
Total reads loaded: 62300000 [2017-01-19 02:30:22.934170]
Total reads loaded: 62400000 [2017-01-19 02:30:35.943973]
Total reads loaded: 62500000 [2017-01-19 02:30:45.643489]
Total reads loaded: 62600000 [2017-01-19 02:30:57.982009]
Total reads loaded: 62700000 [2017-01-19 02:31:08.258521]
Total reads loaded: 62800000 [2017-01-19 02:31:18.074517]
Total reads loaded: 62900000 [2017-01-19 02:31:29.010549]
Total reads loaded: 63000000 [2017-01-19 02:31:39.670451]
Total reads loaded: 63100000 [2017-01-19 02:31:49.791375]
Total reads loaded: 63200000 [2017-01-19 02:31:59.150789]
Total reads loaded: 63300000 [2017-01-19 02:32:08.574132]
Total reads loaded: 63400000 [2017-01-19 02:32:18.348756]
Total reads loaded: 63500000 [2017-01-19 02:32:29.438374]
Total reads loaded: 63600000 [2017-01-19 02:32:39.021449]
Total reads loaded: 63700000 [2017-01-19 02:32:52.539287]
Total reads loaded: 63800000 [2017-01-19 02:33:02.232249]
Total reads loaded: 63900000 [2017-01-19 02:33:13.457520]
Total reads loaded: 64000000 [2017-01-19 02:33:25.078521]
Total reads loaded: 64100000 [2017-01-19 02:33:36.954836]
Total reads loaded: 64200000 [2017-01-19 02:33:49.745535]
Total reads loaded: 64300000 [2017-01-19 02:34:01.166113]
Total reads loaded: 64400000 [2017-01-19 02:34:10.660495]
Total reads loaded: 64500000 [2017-01-19 02:34:20.268910]
Total reads loaded: 64600000 [2017-01-19 02:34:30.352487]
Total reads loaded: 64700000 [2017-01-19 02:34:40.258100]
Total reads loaded: 64800000 [2017-01-19 02:34:50.973842]
Total reads loaded: 64900000 [2017-01-19 02:35:02.477423]
[INFO] REFERENCE NAME=chr1_gl000191_random (2017-01-19 02:35:11.180906)	[00:09:43]
[INFO] REFERENCE NAME=chr1_gl000192_random (2017-01-19 02:35:11.364306)	[00:00:00]
[INFO] REFERENCE NAME=chr4_gl000193_random (2017-01-19 02:35:11.635739)	[00:00:00]
[INFO] REFERENCE NAME=chr4_gl000194_random (2017-01-19 02:35:11.697031)	[00:00:00]
[INFO] REFERENCE NAME=chr6_apd_hap1 (2017-01-19 02:35:13.248014)	[00:00:01]
[INFO] REFERENCE NAME=chr6_cox_hap2 (2017-01-19 02:35:13.269702)	[00:00:00]
[INFO] REFERENCE NAME=chr6_dbb_hap3 (2017-01-19 02:35:14.306570)	[00:00:01]
[INFO] REFERENCE NAME=chr6_mann_hap4 (2017-01-19 02:35:14.459671)	[00:00:00]
[INFO] REFERENCE NAME=chr6_mcf_hap5 (2017-01-19 02:35:14.955867)	[00:00:00]
[INFO] REFERENCE NAME=chr6_qbl_hap6 (2017-01-19 02:35:18.077031)	[00:00:03]
Total reads loaded: 65000000 [2017-01-19 02:35:21.775833]
[INFO] REFERENCE NAME=chr6_ssto_hap7 (2017-01-19 02:35:23.437644)	[00:00:05]
[INFO] REFERENCE NAME=chr7_gl000195_random (2017-01-19 02:35:27.493439)	[00:00:04]
[INFO] REFERENCE NAME=chr8_gl000196_random (2017-01-19 02:35:28.015377)	[00:00:00]
[INFO] REFERENCE NAME=chr8_gl000197_random (2017-01-19 02:35:28.025768)	[00:00:00]
[INFO] REFERENCE NAME=chr11_gl000202_random (2017-01-19 02:35:28.032124)	[00:00:00]
[INFO] REFERENCE NAME=chr17_ctg5_hap1 (2017-01-19 02:35:28.035010)	[00:00:00]
[INFO] REFERENCE NAME=chr17_gl000205_random (2017-01-19 02:35:28.240470)	[00:00:00]
[INFO] REFERENCE NAME=chr17_gl000206_random (2017-01-19 02:35:28.334279)	[00:00:00]
[INFO] REFERENCE NAME=chr18_gl000207_random (2017-01-19 02:35:28.338797)	[00:00:00]
[INFO] REFERENCE NAME=chr19_gl000209_random (2017-01-19 02:35:28.341395)	[00:00:00]
[INFO] REFERENCE NAME=chrUn_gl000211 (2017-01-19 02:35:28.385932)	[00:00:00]
[INFO] REFERENCE NAME=chrUn_gl000212 (2017-01-19 02:35:28.657793)	[00:00:00]
[INFO] REFERENCE NAME=chrUn_gl000214 (2017-01-19 02:35:28.661138)	[00:00:00]
[INFO] REFERENCE NAME=chrUn_gl000215 (2017-01-19 02:35:28.694591)	[00:00:00]
[INFO] REFERENCE NAME=chrUn_gl000217 (2017-01-19 02:35:28.697450)	[00:00:00]
[INFO] REFERENCE NAME=chrUn_gl000218 (2017-01-19 02:35:28.706073)	[00:00:00]
[INFO] REFERENCE NAME=chrUn_gl000219 (2017-01-19 02:35:29.170929)	[00:00:00]
[INFO] REFERENCE NAME=chrUn_gl000220 (2017-01-19 02:35:30.020237)	[00:00:00]
[INFO] REFERENCE NAME=chrUn_gl000221 (2017-01-19 02:35:31.926032)	[00:00:01]
[INFO] REFERENCE NAME=chrUn_gl000222 (2017-01-19 02:35:32.292779)	[00:00:00]
[INFO] REFERENCE NAME=chrUn_gl000223 (2017-01-19 02:35:32.392183)	[00:00:00]
[INFO] REFERENCE NAME=chrUn_gl000224 (2017-01-19 02:35:32.409850)	[00:00:00]
[INFO] REFERENCE NAME=chrUn_gl000226 (2017-01-19 02:35:32.453930)	[00:00:00]
[INFO] REFERENCE NAME=chrUn_gl000227 (2017-01-19 02:35:32.455533)	[00:00:00]
[INFO] REFERENCE NAME=chrUn_gl000233 (2017-01-19 02:35:32.462447)	[00:00:00]
[INFO] REFERENCE NAME=chrUn_gl000238 (2017-01-19 02:35:32.464619)	[00:00:00]
[INFO] REFERENCE NAME=chrUn_gl000240 (2017-01-19 02:35:32.500457)	[00:00:00]
[INFO] REFERENCE NAME=chrUn_gl000241 (2017-01-19 02:35:32.508701)	[00:00:00]
[INFO] REFERENCE NAME=chrUn_gl000242 (2017-01-19 02:35:32.669866)	[00:00:00]
[INFO] REFERENCE NAME=chrUn_gl000243 (2017-01-19 02:35:32.688827)	[00:00:00]
[INFO] REFERENCE NAME=chrUn_gl000247 (2017-01-19 02:35:32.690856)	[00:00:00]
[INFO] REFERENCE NAME=chrUn_gl000249 (2017-01-19 02:35:32.700317)	[00:00:00]
NO MORE READS!
[INFO] TOTAL READS=65033710
[INFO] END=2017-01-19 02:35:32.975187	[00:00:00]
